<?xml version="1.0" encoding="UTF-8"?>
<!-- Generated by org.testng.reporters.JUnitXMLReporter -->
<testsuite hostname="GISBIZ-LTP-76" ignored="0" name="Test" tests="2" failures="1" timestamp="14 Feb 2018 10:54:45 GMT" time="21.18" errors="0">
  <testcase name="verifyHomePageTitle" time="21.133" classname="ExtentReport.Report"/>
  <testcase name="verifyLogo" time="0.0" classname="ExtentReport.Report">
    <failure type="java.lang.NullPointerException">
      <![CDATA[java.lang.NullPointerExceptionat ExtentReport.Report.verifyLogo(Report.java:57)... Removed 25 stack frames]]>
    </failure>
  </testcase> <!-- verifyLogo -->
</testsuite> <!-- Test -->
